# Created at 2021-04-11T11:06:06.127
���� 11, 2021 11:06:06 ���� org.junit.platform.launcher.core.DefaultLauncher handleThrowable

# Created at 2021-04-11T11:06:06.128
����: TestEngine with ID 'junit-vintage' failed to discover tests

# Created at 2021-04-11T11:06:06.129
org.junit.platform.commons.JUnitException: Unsupported version of junit:junit: 4.11. Please upgrade to version 4.12 or later.

# Created at 2021-04-11T11:06:06.130
	at org.junit.vintage.engine.JUnit4VersionCheck.checkSupported(JUnit4VersionCheck.java:39)

# Created at 2021-04-11T11:06:06.131
	at org.junit.vintage.engine.JUnit4VersionCheck.checkSupported(JUnit4VersionCheck.java:32)

# Created at 2021-04-11T11:06:06.133
	at org.junit.vintage.engine.VintageTestEngine.discover(VintageTestEngine.java:62)

# Created at 2021-04-11T11:06:06.134
	at org.junit.platform.launcher.core.DefaultLauncher.discoverEngineRoot(DefaultLauncher.java:168)

# Created at 2021-04-11T11:06:06.134
	at org.junit.platform.launcher.core.DefaultLauncher.discoverRoot(DefaultLauncher.java:155)

# Created at 2021-04-11T11:06:06.134
	at org.junit.platform.launcher.core.DefaultLauncher.discover(DefaultLauncher.java:120)

# Created at 2021-04-11T11:06:06.135
	at org.apache.maven.surefire.junitplatform.TestPlanScannerFilter.accept(TestPlanScannerFilter.java:56)

# Created at 2021-04-11T11:06:06.135
	at org.apache.maven.surefire.util.DefaultScanResult.applyFilter(DefaultScanResult.java:102)

# Created at 2021-04-11T11:06:06.135
	at org.apache.maven.surefire.junitplatform.JUnitPlatformProvider.scanClasspath(JUnitPlatformProvider.java:129)

# Created at 2021-04-11T11:06:06.136
	at org.apache.maven.surefire.junitplatform.JUnitPlatformProvider.invoke(JUnitPlatformProvider.java:117)

# Created at 2021-04-11T11:06:06.136
	at org.apache.maven.surefire.booter.ForkedBooter.invokeProviderInSameClassLoader(ForkedBooter.java:384)

# Created at 2021-04-11T11:06:06.137
	at org.apache.maven.surefire.booter.ForkedBooter.runSuitesInProcess(ForkedBooter.java:345)

# Created at 2021-04-11T11:06:06.138
	at org.apache.maven.surefire.booter.ForkedBooter.execute(ForkedBooter.java:126)

# Created at 2021-04-11T11:06:06.138
	at org.apache.maven.surefire.booter.ForkedBooter.main(ForkedBooter.java:418)

# Created at 2021-04-11T11:06:06.140


# Created at 2021-04-11T11:06:06.156
���� 11, 2021 11:06:06 ���� org.junit.platform.launcher.core.DefaultLauncher handleThrowable

# Created at 2021-04-11T11:06:06.157
����: TestEngine with ID 'junit-vintage' failed to discover tests

# Created at 2021-04-11T11:06:06.157
org.junit.platform.commons.JUnitException: Unsupported version of junit:junit: 4.11. Please upgrade to version 4.12 or later.

# Created at 2021-04-11T11:06:06.158
	at org.junit.vintage.engine.JUnit4VersionCheck.checkSupported(JUnit4VersionCheck.java:39)

# Created at 2021-04-11T11:06:06.158
	at org.junit.vintage.engine.JUnit4VersionCheck.checkSupported(JUnit4VersionCheck.java:32)

# Created at 2021-04-11T11:06:06.159
	at org.junit.vintage.engine.VintageTestEngine.discover(VintageTestEngine.java:62)

# Created at 2021-04-11T11:06:06.159
	at org.junit.platform.launcher.core.DefaultLauncher.discoverEngineRoot(DefaultLauncher.java:168)

# Created at 2021-04-11T11:06:06.160
	at org.junit.platform.launcher.core.DefaultLauncher.discoverRoot(DefaultLauncher.java:155)

# Created at 2021-04-11T11:06:06.160
	at org.junit.platform.launcher.core.DefaultLauncher.execute(DefaultLauncher.java:128)

# Created at 2021-04-11T11:06:06.161
	at org.apache.maven.surefire.junitplatform.JUnitPlatformProvider.invokeAllTests(JUnitPlatformProvider.java:142)

# Created at 2021-04-11T11:06:06.161
	at org.apache.maven.surefire.junitplatform.JUnitPlatformProvider.invoke(JUnitPlatformProvider.java:117)

# Created at 2021-04-11T11:06:06.162
	at org.apache.maven.surefire.booter.ForkedBooter.invokeProviderInSameClassLoader(ForkedBooter.java:384)

# Created at 2021-04-11T11:06:06.163
	at org.apache.maven.surefire.booter.ForkedBooter.runSuitesInProcess(ForkedBooter.java:345)

# Created at 2021-04-11T11:06:06.163
	at org.apache.maven.surefire.booter.ForkedBooter.execute(ForkedBooter.java:126)

# Created at 2021-04-11T11:06:06.165
	at org.apache.maven.surefire.booter.ForkedBooter.main(ForkedBooter.java:418)

# Created at 2021-04-11T11:06:06.166


